<?xml version="1.0" encoding="UTF-8"?>
<coverage generated="1586706649986" clover="3.2.0">
  <project timestamp="1586706649987" name="All files">
    <metrics statements="20" coveredstatements="19" conditionals="13" coveredconditionals="13" methods="8" coveredmethods="7" elements="41" coveredelements="39" complexity="0" loc="20" ncloc="20" packages="1" files="1" classes="1"/>
    <file name="piece.ts" path="/home/christian/hnefatafl/src/piece.ts">
      <metrics statements="20" coveredstatements="19" conditionals="13" coveredconditionals="13" methods="8" coveredmethods="7"/>
      <line num="1" count="1" type="stmt"/>
      <line num="3" count="6" type="stmt"/>
      <line num="4" count="6" type="stmt"/>
      <line num="5" count="6" type="stmt"/>
      <line num="12" count="6" type="stmt"/>
      <line num="13" count="6" type="stmt"/>
      <line num="14" count="6" type="stmt"/>
      <line num="18" count="9" type="cond" truecount="4" falsecount="0"/>
      <line num="19" count="2" type="stmt"/>
      <line num="21" count="7" type="stmt"/>
      <line num="25" count="2" type="stmt"/>
      <line num="29" count="8" type="cond" truecount="4" falsecount="0"/>
      <line num="30" count="2" type="stmt"/>
      <line num="32" count="6" type="stmt"/>
      <line num="36" count="1" type="stmt"/>
      <line num="40" count="6" type="cond" truecount="5" falsecount="0"/>
      <line num="41" count="1" type="stmt"/>
      <line num="43" count="5" type="stmt"/>
      <line num="47" count="1" type="stmt"/>
      <line num="51" count="0" type="stmt"/>
    </file>
  </project>
</coverage>
