TN:
SF:src/piece.ts
FN:7,(anonymous_0)
FN:17,(anonymous_1)
FN:24,(anonymous_2)
FN:28,(anonymous_3)
FN:35,(anonymous_4)
FN:39,(anonymous_5)
FN:46,(anonymous_6)
FN:50,(anonymous_7)
FNF:8
FNH:7
FNDA:6,(anonymous_0)
FNDA:9,(anonymous_1)
FNDA:2,(anonymous_2)
FNDA:8,(anonymous_3)
FNDA:1,(anonymous_4)
FNDA:6,(anonymous_5)
FNDA:1,(anonymous_6)
FNDA:0,(anonymous_7)
DA:1,1
DA:3,6
DA:4,6
DA:5,6
DA:12,6
DA:13,6
DA:14,6
DA:18,9
DA:19,2
DA:21,7
DA:25,2
DA:29,8
DA:30,2
DA:32,6
DA:36,1
DA:40,6
DA:41,1
DA:43,5
DA:47,1
DA:51,0
LF:20
LH:19
BRDA:18,0,0,2
BRDA:18,0,1,7
BRDA:18,1,0,9
BRDA:18,1,1,8
BRDA:29,2,0,2
BRDA:29,2,1,6
BRDA:29,3,0,8
BRDA:29,3,1,7
BRDA:40,4,0,1
BRDA:40,4,1,5
BRDA:40,5,0,6
BRDA:40,5,1,2
BRDA:40,5,2,2
BRF:13
BRH:13
end_of_record
